<?xml version="1.0" encoding="UTF-8"?>
<!-- Generated by org.testng.reporters.JUnitReportReporter -->
<testsuite name="Testnggit.GitTest" tests="2" time="4.943" ignored="0" failures="0" timestamp="06 Jul 2017 17:31:07 GMT" skipped="0" hostname="anish" errors="0">
  <testcase name="f1" time="4.894" classname="Testnggit.GitTest"/>
  <testcase name="f4" time="0.049" classname="Testnggit.GitTest"/>
</testsuite> <!-- Testnggit.GitTest -->
