<?xml version="1.0" encoding="UTF-8"?>
<!-- Generated by org.testng.reporters.JUnitReportReporter -->
<testsuite name="Testnggit.GitTest" tests="2" time="2.658" ignored="0" failures="0" timestamp="04 May 2017 06:22:40 GMT" skipped="0" hostname="anish" errors="0">
  <testcase name="f4" time="0.026" classname="Testnggit.GitTest"/>
  <testcase name="f1" time="2.632" classname="Testnggit.GitTest"/>
</testsuite> <!-- Testnggit.GitTest -->
