<?xml version="1.0" encoding="UTF-8"?>
<!-- Generated by org.testng.reporters.JUnitReportReporter -->
<testsuite name="org.apache.maven.testng.git" tests="2" time="4.565" ignored="0" failures="0" timestamp="06 Jul 2017 18:31:30 GMT" skipped="0" hostname="anish" errors="0">
  <testcase name="function" time="1.635" classname="org.apache.maven.testng.git"/>
  <testcase name="f1" time="2.930" classname="org.apache.maven.testng.git"/>
</testsuite> <!-- org.apache.maven.testng.git -->
